::1 - - [19/Jan/2026:23:34:44 +0200] "GET / HTTP/1.1" 500 632
::1 - - [19/Jan/2026:23:47:38 +0200] "GET /home HTTP/1.1" 500 632
::1 - - [19/Jan/2026:23:48:45 +0200] "GET / HTTP/1.1" 200 982
::1 - - [19/Jan/2026:23:48:45 +0200] "GET /img/m13.jpg HTTP/1.1" 200 5673
::1 - - [19/Jan/2026:23:48:45 +0200] "GET /css/site.css HTTP/1.1" 200 52
::1 - - [19/Jan/2026:23:48:45 +0200] "GET /img/Python.png HTTP/1.1" 200 185433
::1 - - [19/Jan/2026:23:48:45 +0200] "GET /js/site.js HTTP/1.1" 200 13076
::1 - - [19/Jan/2026:23:49:04 +0200] "GET /uk-UA/home/index/123 HTTP/1.1" 200 1387
::1 - - [19/Jan/2026:23:49:04 +0200] "GET /css/site.css HTTP/1.1" 200 52
::1 - - [19/Jan/2026:23:49:04 +0200] "GET /img/m13.jpg HTTP/1.1" 200 5673
::1 - - [19/Jan/2026:23:49:04 +0200] "GET /js/site.js HTTP/1.1" 200 13076
::1 - - [19/Jan/2026:23:49:04 +0200] "GET /img/Python.png HTTP/1.1" 200 185433
::1 - - [19/Jan/2026:23:49:24 +0200] "GET /uk-UA/ordertest/index/123 HTTP/1.1" 200 1507
::1 - - [19/Jan/2026:23:49:24 +0200] "GET /css/site.css HTTP/1.1" 200 52
::1 - - [19/Jan/2026:23:49:24 +0200] "GET /js/site.js HTTP/1.1" 200 13076
::1 - - [19/Jan/2026:23:49:26 +0200] "GET /order HTTP/1.1" 200 493
::1 - - [19/Jan/2026:23:49:31 +0200] "POST /order HTTP/1.1" 201 503
::1 - - [19/Jan/2026:23:49:34 +0200] "PUT /order HTTP/1.1" 403 446
::1 - - [19/Jan/2026:23:49:53 +0200] "GET /uk-UA/usertest/register/123 HTTP/1.1" 500 127
::1 - - [19/Jan/2026:23:50:06 +0200] "GET /uk-UA/usertest/index/123 HTTP/1.1" 200 3178
::1 - - [19/Jan/2026:23:50:06 +0200] "GET /js/site.js HTTP/1.1" 200 13076
::1 - - [19/Jan/2026:23:50:06 +0200] "GET /css/site.css HTTP/1.1" 200 52
::1 - - [19/Jan/2026:23:50:09 +0200] "GET /user HTTP/1.1" 500 167
::1 - - [19/Jan/2026:23:50:10 +0200] "GET /user HTTP/1.1" 500 167
::1 - - [19/Jan/2026:23:53:25 +0200] "GET /phpmyadmin/ HTTP/1.1" 200 19605
::1 - - [19/Jan/2026:23:53:25 +0200] "GET /phpmyadmin/js/messages.php?l=ru&v=5.2.1 HTTP/1.1" 200 12854
::1 - - [19/Jan/2026:23:53:26 +0200] "POST /phpmyadmin/index.php?route=/config/get HTTP/1.1" 200 1637
::1 - - [19/Jan/2026:23:53:26 +0200] "POST /phpmyadmin/index.php?route=/navigation&ajax_request=1 HTTP/1.1" 200 2738
::1 - - [19/Jan/2026:23:53:26 +0200] "POST /phpmyadmin/index.php?route=/config/get HTTP/1.1" 200 1730
::1 - - [19/Jan/2026:23:53:26 +0200] "POST /phpmyadmin/index.php?route=/version-check HTTP/1.1" 200 64
::1 - - [19/Jan/2026:23:53:26 +0200] "POST /phpmyadmin/index.php?route=/database/structure/favorite-table&ajax_request=1&favorite_table=1&sync_favorite_tables=1 HTTP/1.1" 200 192
::1 - - [19/Jan/2026:23:53:27 +0200] "POST /phpmyadmin/index.php?route=/config/set HTTP/1.1" 200 1627
::1 - - [19/Jan/2026:23:53:35 +0200] "POST /phpmyadmin/index.php?route=/navigation&ajax_request=1 HTTP/1.1" 200 2688
::1 - - [19/Jan/2026:23:53:39 +0200] "GET /phpmyadmin/themes/pmahomme/img/s_unlink.png HTTP/1.1" 200 589
::1 - - [19/Jan/2026:23:53:44 +0200] "GET /phpmyadmin/index.php?route=/server/databases&ajax_request=true&ajax_page_request=true&_nocache=1768859624280718556&token=32324c5a4b366b43354d365b22505a38 HTTP/1.1" 200 9066
::1 - - [19/Jan/2026:23:53:45 +0200] "GET /phpmyadmin/themes/pmahomme/img/b_search.png HTTP/1.1" 200 538
::1 - - [19/Jan/2026:23:53:45 +0200] "GET /phpmyadmin/themes/pmahomme/img/s_notice.png HTTP/1.1" 200 567
::1 - - [19/Jan/2026:23:53:45 +0200] "GET /phpmyadmin/themes/pmahomme/img/b_deltbl.png HTTP/1.1" 200 577
::1 - - [19/Jan/2026:23:53:45 +0200] "GET /phpmyadmin/themes/pmahomme/img/s_asc.png HTTP/1.1" 200 146
::1 - - [19/Jan/2026:23:53:45 +0200] "GET /phpmyadmin/js/dist/server/databases.js?v=5.2.1 HTTP/1.1" 200 4659
::1 - - [19/Jan/2026:23:53:45 +0200] "POST /phpmyadmin/index.php?route=/navigation&ajax_request=1 HTTP/1.1" 200 3613
::1 - - [19/Jan/2026:23:53:55 +0200] "POST /phpmyadmin/index.php?route=/server/databases/create HTTP/1.1" 200 2067
::1 - - [19/Jan/2026:23:53:56 +0200] "GET /phpmyadmin/themes/pmahomme/img/s_success.png HTTP/1.1" 200 465
::1 - - [19/Jan/2026:23:53:56 +0200] "GET /phpmyadmin/index.php?route=/database/structure&db=pyservertest&ajax_request=true&ajax_page_request=true&_nocache=1768859636828190610&token=32324c5a4b366b43354d365b22505a38 HTTP/1.1" 200 3849
::1 - - [19/Jan/2026:23:53:58 +0200] "GET /phpmyadmin/themes/pmahomme/img/b_props.png HTTP/1.1" 200 573
::1 - - [19/Jan/2026:23:53:58 +0200] "GET /phpmyadmin/themes/pmahomme/img/b_routines.png HTTP/1.1" 200 306
::1 - - [19/Jan/2026:23:53:58 +0200] "GET /phpmyadmin/themes/pmahomme/img/b_events.png HTTP/1.1" 200 703
::1 - - [19/Jan/2026:23:53:58 +0200] "GET /phpmyadmin/themes/pmahomme/img/b_triggers.png HTTP/1.1" 200 446
::1 - - [19/Jan/2026:23:53:58 +0200] "GET /phpmyadmin/themes/pmahomme/img/eye.png HTTP/1.1" 200 663
::1 - - [19/Jan/2026:23:53:58 +0200] "GET /phpmyadmin/themes/pmahomme/img/b_relations.png HTTP/1.1" 200 140
::1 - - [19/Jan/2026:23:53:58 +0200] "GET /phpmyadmin/themes/pmahomme/img/centralColumns.png HTTP/1.1" 200 586
::1 - - [19/Jan/2026:23:53:58 +0200] "GET /phpmyadmin/themes/pmahomme/img/b_table_add.png HTTP/1.1" 200 571
::1 - - [19/Jan/2026:23:53:58 +0200] "GET /phpmyadmin/js/dist/table/change.js?v=5.2.1 HTTP/1.1" 200 29082
::1 - - [19/Jan/2026:23:53:58 +0200] "GET /phpmyadmin/js/dist/database/structure.js?v=5.2.1 HTTP/1.1" 200 14685
::1 - - [19/Jan/2026:23:53:56 +0200] "POST /phpmyadmin/index.php?route=/navigation&ajax_request=1 HTTP/1.1" 200 3659
::1 - - [19/Jan/2026:23:53:58 +0200] "POST /phpmyadmin/index.php?route=/navigation&ajax_request=1 HTTP/1.1" 200 3659
::1 - - [19/Jan/2026:23:53:58 +0200] "POST /phpmyadmin/index.php?route=/navigation&ajax_request=1 HTTP/1.1" 200 1653
::1 - - [19/Jan/2026:23:53:58 +0200] "POST /phpmyadmin/index.php?route=/navigation&ajax_request=1 HTTP/1.1" 200 1653
::1 - - [19/Jan/2026:23:54:48 +0200] "GET /uk-UA/usertest/index/123 HTTP/1.1" 200 3178
::1 - - [19/Jan/2026:23:54:48 +0200] "GET /js/site.js HTTP/1.1" 200 13076
::1 - - [19/Jan/2026:23:54:48 +0200] "GET /css/site.css HTTP/1.1" 200 52
::1 - - [19/Jan/2026:23:54:49 +0200] "GET /user HTTP/1.1" 200 494
::1 - - [19/Jan/2026:23:54:54 +0200] "POST /user HTTP/1.1" 200 913
::1 - - [19/Jan/2026:23:55:06 +0200] "GET /user HTTP/1.1" 200 494
::1 - - [19/Jan/2026:23:55:24 +0200] "GET /phpmyadmin/index.php?route=/database/structure&db=pyservertest&ajax_request=true&ajax_page_request=true&_nocache=1768859724582519216&token=32324c5a4b366b43354d365b22505a38 HTTP/1.1" 200 3849
::1 - - [19/Jan/2026:23:55:25 +0200] "POST /phpmyadmin/index.php?route=/navigation&ajax_request=1 HTTP/1.1" 200 3663
::1 - - [19/Jan/2026:23:56:22 +0200] "GET / HTTP/1.1" 200 982
::1 - - [19/Jan/2026:23:56:22 +0200] "GET /css/site.css HTTP/1.1" 200 52
::1 - - [19/Jan/2026:23:56:22 +0200] "GET /img/Python.png HTTP/1.1" 200 185433
::1 - - [19/Jan/2026:23:56:22 +0200] "GET /js/site.js HTTP/1.1" 200 13076
::1 - - [19/Jan/2026:23:56:22 +0200] "GET /img/m13.jpg HTTP/1.1" 200 5673
::1 - - [19/Jan/2026:23:56:26 +0200] "GET /home/params HTTP/1.1" 200 1287
::1 - - [19/Jan/2026:23:56:26 +0200] "GET /css/site.css HTTP/1.1" 200 52
::1 - - [19/Jan/2026:23:56:26 +0200] "GET /js/site.js HTTP/1.1" 200 13076
::1 - - [19/Jan/2026:23:56:41 +0200] "GET /uk-UA/home/index/123 HTTP/1.1" 200 1387
::1 - - [19/Jan/2026:23:56:41 +0200] "GET /img/m13.jpg HTTP/1.1" 200 5673
::1 - - [19/Jan/2026:23:56:41 +0200] "GET /css/site.css HTTP/1.1" 200 52
::1 - - [19/Jan/2026:23:56:41 +0200] "GET /img/Python.png HTTP/1.1" 200 185433
::1 - - [19/Jan/2026:23:56:41 +0200] "GET /js/site.js HTTP/1.1" 200 13076
::1 - - [19/Jan/2026:23:56:51 +0200] "GET /uk-UA/usertest/index/1 HTTP/1.1" 200 3178
::1 - - [19/Jan/2026:23:56:51 +0200] "GET /css/site.css HTTP/1.1" 200 52
::1 - - [19/Jan/2026:23:56:51 +0200] "GET /js/site.js HTTP/1.1" 200 13076
::1 - - [19/Jan/2026:23:56:54 +0200] "GET /user HTTP/1.1" 200 494
::1 - - [19/Jan/2026:23:56:55 +0200] "GET /user HTTP/1.1" 200 494
::1 - - [19/Jan/2026:23:56:56 +0200] "GET /user HTTP/1.1" 200 494
::1 - - [19/Jan/2026:23:56:56 +0200] "GET /user HTTP/1.1" 200 494
::1 - - [19/Jan/2026:23:56:57 +0200] "GET /user HTTP/1.1" 200 494
::1 - - [19/Jan/2026:23:56:57 +0200] "GET /user HTTP/1.1" 200 494
::1 - - [19/Jan/2026:23:56:57 +0200] "GET /user HTTP/1.1" 200 494
::1 - - [19/Jan/2026:23:56:58 +0200] "GET /user HTTP/1.1" 200 494
::1 - - [19/Jan/2026:23:56:58 +0200] "GET /user HTTP/1.1" 200 494
::1 - - [19/Jan/2026:23:56:58 +0200] "GET /user HTTP/1.1" 200 494
::1 - - [19/Jan/2026:23:56:59 +0200] "GET /user HTTP/1.1" 200 494
::1 - - [19/Jan/2026:23:56:59 +0200] "GET /user HTTP/1.1" 200 494
::1 - - [19/Jan/2026:23:56:59 +0200] "GET /user HTTP/1.1" 200 493
::1 - - [19/Jan/2026:23:57:00 +0200] "GET /user HTTP/1.1" 200 494
::1 - - [19/Jan/2026:23:57:00 +0200] "GET /user HTTP/1.1" 200 494
::1 - - [19/Jan/2026:23:57:01 +0200] "GET /user HTTP/1.1" 200 494
::1 - - [19/Jan/2026:23:57:01 +0200] "GET /user HTTP/1.1" 200 494
::1 - - [19/Jan/2026:23:57:01 +0200] "GET /user HTTP/1.1" 200 494
::1 - - [19/Jan/2026:23:57:02 +0200] "GET /user HTTP/1.1" 200 494
::1 - - [19/Jan/2026:23:57:02 +0200] "GET /user HTTP/1.1" 200 494
::1 - - [19/Jan/2026:23:57:02 +0200] "GET /user HTTP/1.1" 200 494
::1 - - [19/Jan/2026:23:57:03 +0200] "GET /user HTTP/1.1" 200 494
::1 - - [19/Jan/2026:23:57:03 +0200] "GET /user HTTP/1.1" 200 494
::1 - - [19/Jan/2026:23:57:04 +0200] "GET /user HTTP/1.1" 200 493
::1 - - [19/Jan/2026:23:57:04 +0200] "GET /user HTTP/1.1" 200 494
::1 - - [19/Jan/2026:23:57:04 +0200] "GET /user HTTP/1.1" 200 493
::1 - - [19/Jan/2026:23:57:05 +0200] "GET /user HTTP/1.1" 200 494
::1 - - [19/Jan/2026:23:57:05 +0200] "GET /user HTTP/1.1" 200 493
::1 - - [19/Jan/2026:23:57:06 +0200] "GET /user HTTP/1.1" 200 494
::1 - - [19/Jan/2026:23:57:06 +0200] "GET /user HTTP/1.1" 200 494
::1 - - [19/Jan/2026:23:57:06 +0200] "GET /user HTTP/1.1" 200 494
::1 - - [19/Jan/2026:23:57:07 +0200] "GET /user HTTP/1.1" 200 494
::1 - - [19/Jan/2026:23:57:10 +0200] "POST /user HTTP/1.1" 200 911
::1 - - [19/Jan/2026:23:57:15 +0200] "GET /discount HTTP/1.1" 200 466
::1 - - [19/Jan/2026:23:57:21 +0200] "GET /discount/program HTTP/1.1" 200 461
::1 - - [19/Jan/2026:23:57:27 +0200] "GET /user HTTP/1.1" 200 428
::1 - - [19/Jan/2026:23:57:33 +0200] "GET /user HTTP/1.1" 200 494
::1 - - [19/Jan/2026:23:57:34 +0200] "GET /user HTTP/1.1" 200 494
::1 - - [19/Jan/2026:23:57:34 +0200] "GET /user HTTP/1.1" 200 493
::1 - - [19/Jan/2026:23:57:35 +0200] "GET /user HTTP/1.1" 200 494
::1 - - [19/Jan/2026:23:57:35 +0200] "GET /user HTTP/1.1" 200 494
::1 - - [19/Jan/2026:23:57:35 +0200] "GET /user HTTP/1.1" 200 494
::1 - - [19/Jan/2026:23:57:36 +0200] "GET /user HTTP/1.1" 200 494
::1 - - [19/Jan/2026:23:57:36 +0200] "GET /user HTTP/1.1" 200 493
::1 - - [19/Jan/2026:23:57:36 +0200] "GET /user HTTP/1.1" 200 494
::1 - - [19/Jan/2026:23:57:37 +0200] "GET /user HTTP/1.1" 200 494
::1 - - [20/Jan/2026:00:00:43 +0200] "GET /phpmyadmin/index.php?route=/database/structure&db=pyservertest HTTP/1.1" 200 13131
::1 - - [20/Jan/2026:00:00:45 +0200] "POST /phpmyadmin/index.php?route=/config/get HTTP/1.1" 200 1637
::1 - - [20/Jan/2026:00:00:45 +0200] "POST /phpmyadmin/index.php?route=/config/get HTTP/1.1" 200 1730
::1 - - [20/Jan/2026:00:00:45 +0200] "POST /phpmyadmin/index.php?route=/navigation&ajax_request=1 HTTP/1.1" 200 3663
::1 - - [20/Jan/2026:00:00:45 +0200] "POST /phpmyadmin/index.php?route=/config/set HTTP/1.1" 200 1627
::1 - - [20/Jan/2026:00:02:13 +0200] "GET /uk-UA/usertest/index/1 HTTP/1.1" 200 3178
::1 - - [20/Jan/2026:00:02:13 +0200] "GET /js/site.js HTTP/1.1" 200 13076
::1 - - [20/Jan/2026:00:02:13 +0200] "GET /css/site.css HTTP/1.1" 200 52
::1 - - [20/Jan/2026:00:02:14 +0200] "GET /user HTTP/1.1" 404 115
::1 - - [20/Jan/2026:00:03:57 +0200] "GET /uk-UA/usertest/index/1 HTTP/1.1" 404 119
::1 - - [20/Jan/2026:00:04:27 +0200] "GET /uk-UA/home/index/123 HTTP/1.1" 404 115
::1 - - [20/Jan/2026:00:04:54 +0200] "GET /uk-UA/home/index/123 HTTP/1.1" 200 1387
::1 - - [20/Jan/2026:00:04:55 +0200] "GET /css/site.css HTTP/1.1" 200 52
::1 - - [20/Jan/2026:00:04:55 +0200] "GET /img/Python.png HTTP/1.1" 200 185433
::1 - - [20/Jan/2026:00:04:55 +0200] "GET /js/site.js HTTP/1.1" 200 13076
::1 - - [20/Jan/2026:00:04:55 +0200] "GET /img/m13.jpg HTTP/1.1" 200 5673
::1 - - [20/Jan/2026:00:05:01 +0200] "GET /uk-UA/usertest/index/123 HTTP/1.1" 200 3178
::1 - - [20/Jan/2026:00:05:02 +0200] "GET /css/site.css HTTP/1.1" 200 52
::1 - - [20/Jan/2026:00:05:02 +0200] "GET /js/site.js HTTP/1.1" 200 13076
::1 - - [20/Jan/2026:00:05:03 +0200] "GET /user HTTP/1.1" 404 115
::1 - - [20/Jan/2026:00:05:29 +0200] "GET /uk-UA/usertest/index/123 HTTP/1.1" 200 3178
::1 - - [20/Jan/2026:00:05:29 +0200] "GET /js/site.js HTTP/1.1" 200 13076
::1 - - [20/Jan/2026:00:05:29 +0200] "GET /css/site.css HTTP/1.1" 200 52
::1 - - [20/Jan/2026:00:05:30 +0200] "GET /user HTTP/1.1" 200 494
::1 - - [20/Jan/2026:00:06:02 +0200] "GET /uk-UA/user/index/123 HTTP/1.1" 200 400
